<?xml version="1.0" encoding="UTF-8"?>
<testng-results ignored="0" total="1" passed="1" failed="0" skipped="0">
  <reporter-output>
  </reporter-output>
  <suite started-at="2026-03-22T18:46:11 IST" name="Default suite" finished-at="2026-03-22T18:46:29 IST" duration-ms="17702">
    <groups>
    </groups>
    <test started-at="2026-03-22T18:46:11 IST" name="Default test" finished-at="2026-03-22T18:46:29 IST" duration-ms="17702">
      <class name="docker.LoginTestFirefox">
        <test-method signature="LogintoFintessbi()[pri:0, instance:docker.LoginTestFirefox@31304f14]" started-at="2026-03-22T18:46:11 IST" name="LogintoFintessbi" finished-at="2026-03-22T18:46:29 IST" duration-ms="17640" status="PASS">
          <reporter-output>
          </reporter-output>
        </test-method> <!-- LogintoFintessbi -->
      </class> <!-- docker.LoginTestFirefox -->
    </test> <!-- Default test -->
  </suite> <!-- Default suite -->
</testng-results>
